2010-03-04 18:01:02 (CST)	2 Warning	imagecreatefromgif() [<a href='function.imagecreatefromgif'>function.imagecreatefromgif</a>]: '/home/mprool/public_html/resources/useruploads/images/csss.gif' is not a valid GIF file	File: fns_tinybrowser.php	Line: 157	
2010-03-04 18:01:02 (CST)	2 Warning	imagesx(): supplied argument is not a valid Image resource	File: fns_tinybrowser.php	Line: 49	
2010-03-04 18:01:02 (CST)	2 Warning	imagesy(): supplied argument is not a valid Image resource	File: fns_tinybrowser.php	Line: 50	
2010-03-04 18:01:02 (CST)	2 Warning	imagegif(): supplied argument is not a valid Image resource	File: fns_tinybrowser.php	Line: 137	
2010-03-04 18:01:02 (CST)	2 Warning	imagedestroy(): supplied argument is not a valid Image resource	File: upload_process.php	Line: 74	
2010-03-04 18:01:08 (CST)	2 Warning	imagecreatefromgif() [<a href='function.imagecreatefromgif'>function.imagecreatefromgif</a>]: '/home/mprool/public_html/resources/useruploads/images/csss.gif' is not a valid GIF file	File: fns_tinybrowser.php	Line: 157	
2010-03-04 18:01:08 (CST)	2 Warning	imagesx(): supplied argument is not a valid Image resource	File: fns_tinybrowser.php	Line: 49	
2010-03-04 18:01:08 (CST)	2 Warning	imagesy(): supplied argument is not a valid Image resource	File: fns_tinybrowser.php	Line: 50	
2010-03-04 18:01:08 (CST)	2 Warning	imagegif(): supplied argument is not a valid Image resource	File: fns_tinybrowser.php	Line: 137	
2010-03-04 18:01:08 (CST)	2 Warning	imagedestroy(): supplied argument is not a valid Image resource	File: tinybrowser.php	Line: 128	
2010-03-04 18:08:58 (CST)	2 Warning	imagecreatefromgif() [<a href='function.imagecreatefromgif'>function.imagecreatefromgif</a>]: '/home/mprool/public_html/resources/useruploads/images/cri.php.gif' is not a valid GIF file	File: fns_tinybrowser.php	Line: 157	
2010-03-04 18:08:58 (CST)	2 Warning	imagesx(): supplied argument is not a valid Image resource	File: fns_tinybrowser.php	Line: 49	
2010-03-04 18:08:58 (CST)	2 Warning	imagesy(): supplied argument is not a valid Image resource	File: fns_tinybrowser.php	Line: 50	
2010-03-04 18:08:58 (CST)	2 Warning	imagegif(): supplied argument is not a valid Image resource	File: fns_tinybrowser.php	Line: 137	
2010-03-04 18:08:58 (CST)	2 Warning	imagedestroy(): supplied argument is not a valid Image resource	File: upload_process.php	Line: 74	
2010-03-04 18:09:04 (CST)	2 Warning	imagecreatefromgif() [<a href='function.imagecreatefromgif'>function.imagecreatefromgif</a>]: '/home/mprool/public_html/resources/useruploads/images/cri.php.gif' is not a valid GIF file	File: fns_tinybrowser.php	Line: 157	
2010-03-04 18:09:04 (CST)	2 Warning	imagesx(): supplied argument is not a valid Image resource	File: fns_tinybrowser.php	Line: 49	
2010-03-04 18:09:04 (CST)	2 Warning	imagesy(): supplied argument is not a valid Image resource	File: fns_tinybrowser.php	Line: 50	
2010-03-04 18:09:04 (CST)	2 Warning	imagegif(): supplied argument is not a valid Image resource	File: fns_tinybrowser.php	Line: 137	
2010-03-04 18:09:04 (CST)	2 Warning	imagedestroy(): supplied argument is not a valid Image resource	File: tinybrowser.php	Line: 128	
2010-03-04 18:10:35 (CST)	2 Warning	imagecreatefromgif() [<a href='function.imagecreatefromgif'>function.imagecreatefromgif</a>]: '/home/mprool/public_html/resources/useruploads/images/cri.php.php.gif' is not a valid GIF file	File: fns_tinybrowser.php	Line: 157	
2010-03-04 18:10:35 (CST)	2 Warning	imagesx(): supplied argument is not a valid Image resource	File: fns_tinybrowser.php	Line: 49	
2010-03-04 18:10:35 (CST)	2 Warning	imagesy(): supplied argument is not a valid Image resource	File: fns_tinybrowser.php	Line: 50	
2010-03-04 18:10:35 (CST)	2 Warning	imagegif(): supplied argument is not a valid Image resource	File: fns_tinybrowser.php	Line: 137	
2010-03-04 18:10:35 (CST)	2 Warning	imagedestroy(): supplied argument is not a valid Image resource	File: tinybrowser.php	Line: 128	
2010-03-04 18:18:53 (CST)	2 Warning	imagecreatefromgif() [<a href='function.imagecreatefromgif'>function.imagecreatefromgif</a>]: '/home/mprool/public_html/resources/useruploads/images/cri.php.gif' is not a valid GIF file	File: fns_tinybrowser.php	Line: 157	
2010-03-04 18:18:53 (CST)	2 Warning	imagesx(): supplied argument is not a valid Image resource	File: fns_tinybrowser.php	Line: 49	
2010-03-04 18:18:53 (CST)	2 Warning	imagesy(): supplied argument is not a valid Image resource	File: fns_tinybrowser.php	Line: 50	
2010-03-04 18:18:53 (CST)	2 Warning	imagegif(): supplied argument is not a valid Image resource	File: fns_tinybrowser.php	Line: 137	
2010-03-04 18:18:53 (CST)	2 Warning	imagedestroy(): supplied argument is not a valid Image resource	File: upload_process.php	Line: 74	
